<?xml version="1.0" encoding="UTF-8"?>
<!-- Generated by org.testng.reporters.JUnitReportReporter -->
<testsuite hostname="indianrenterss-MacBook-Pro-2.local" failures="0" tests="5" name="Tests.SauceDemoTest" time="2.081" errors="0" timestamp="2025-02-07T20:08:42 IST" skipped="0">
  <testcase classname="Tests.SauceDemoTest" name="testLogin" time="0.217"/>
  <testcase classname="Tests.SauceDemoTest" name="checkhomepagecontent" time="1.099"/>
  <testcase classname="Tests.SauceDemoTest" name="testAddToCart" time="0.062"/>
  <testcase classname="Tests.SauceDemoTest" name="testCheckout" time="0.257"/>
  <testcase classname="Tests.SauceDemoTest" name="testaddingandremovingtheproducts" time="0.446"/>
</testsuite> <!-- Tests.SauceDemoTest -->
